<?xml version="1.0" encoding="UTF-8"?>
<!-- Generated by org.testng.reporters.JUnitReportReporter -->
<testsuite hostname="gaurav_Intern" failures="0" tests="1" name="AlertHandling" time="9.370" errors="0" timestamp="2024-09-13T16:21:02 IST" skipped="0">
  <testcase classname="AlertHandling" name="handleAlertTest" time="9.370"/>
</testsuite> <!-- AlertHandling -->
