<?xml version="1.0" encoding="UTF-8"?>
<!-- Generated by org.testng.reporters.JUnitReportReporter -->
<testsuite hostname="gaurav_Intern" failures="0" tests="1" name="FileHandling" time="7.695" errors="0" timestamp="2024-09-13T16:21:22 IST" skipped="0">
  <testcase classname="FileHandling" name="fileHandlingTest" time="7.695"/>
</testsuite> <!-- FileHandling -->
